2023-04-15 20:18:05 [wown system!] info : 안녕~
2023-04-15 21:26:26 [wown system!] info : 안녕~
2023-04-15 21:26:50 [wown system!] info : 안녕~
2023-04-15 21:26:54 [wown system!] info : 안녕~
2023-04-15 21:29:00:290 [wown system!] info : 안녕~
2023-04-15 21:29:04:294 [wown system!] info : 안녕~
{
  message: '안녕~',
  level: 'info',
  label: 'wown system!',
  timestamp: '2023-04-15 21:30:40:3040'
}
2023-04-15 21:31:01:311 [wown system!] info : 안녕~
2023-04-15 21:33:33:3333 [wown system!] info : 안녕~

2023-04-15 21:33:53:3353 [wown system!] info : 안녕~
2023-04-15 21:34:09:349 [wown system!] info : 안녕~
2023-04-15 21:37:09:379 [DEV] info : 안녕~
2023-04-15 21:38:28:3828 [DEV] info : 안녕~
2023-04-15 21:38:41:3841 [DEV] info : 안녕~
2023-04-15 21:40:03:403 [DEV] info : 안녕~
2023-04-15 21:42:45:4245 [DEV] info : 7673 포트 서버 가동!
2023-04-15 21:47:54:4754 [DEV] info : 7673 포트 서버 가동!
2023-04-15 21:48:10:4810 [DEV] info : 7673 포트 서버 가동!
2023-04-15 21:48:12:4812 [DEV] info : 7673 포트 서버 가동!
2023-04-15 21:48:44:4844 [DEV] info : 7673 포트 서버 가동!
2023-04-15 21:48:52:4852 [DEV] info : 7673 포트 서버 가동!
2023-04-15 21:49:02:492 [DEV] info : 7673 포트 서버 가동!
2023-04-15 21:51:29:5129 [DEV] info : 7673 포트 서버 가동!
2023-04-15 21:51:47:5147 [DEV] info : 7673 포트 서버 가동!
2023-04-15 21:53:59:5359 [DEV] info : 7673 포트 서버 가동!
function createFormatWrap(opts) {
    return new Format(opts);
  } [DEV] info : 7673 포트 서버 가동!
undefined [DEV] info : 7673 포트 서버 가동!
undefined [DEV] info : 7673 포트 서버 가동!
undefined [DEV] info : 7673 포트 서버 가동!
undefined [DEV] info : 7673 포트 서버 가동!
undefined [DEV] info : 7673 포트 서버 가동!
2023-04-15 21:55:08:558 [DEV] info : 7673 포트 서버 가동!
2023-04-15 21:55:11:5511 [DEV] info : 7673 포트 서버 가동!
2023-04-15 21:55:26:5526 [DEV] info : 7673 포트 서버 가동!
2023-04-15 21:55:35:5535 [DEV] info : 7673 포트 서버 가동!
2023-04-15 21:56:29:5629 [DEV] info : 7673 포트 서버 가동!
2023-04-15 21:56:31:5631 [DEV] info : 7673 포트 서버 가동!
2023-04-15 21:57:01:571 [DEV] info :: 7673 포트 서버 가동!
2023-04-15 21:57:05:575 [DEV] info = 7673 포트 서버 가동!
2023-04-15 21:57:09:579 [DEV] info >> 7673 포트 서버 가동!
2023-04-15 21:57:12:5712 [DEV] info : 7673 포트 서버 가동!
