2023-04-16 17:57:25:5725 [DEV] info : 7673 포트 서버 가동!
2023-04-16 18:03:15:315 [DEV] info : 7673 포트 서버 가동!
2023-04-16 18:03:21:321 [DEV] info : 7673 포트 서버 가동!
2023-04-16 18:03:25:325 [DEV] info : 7673 포트 서버 가동!
2023-04-16 18:03:29:329 [DEV] info : GET "/login" [200] : "로그인화면으로 이동"
2023-04-16 18:03:33:333 [DEV] error : POST "/login" [400] : Response : false, err : 존재하지않는아이디!"
2023-04-16 18:04:30:430 [DEV] info : 7673 포트 서버 가동!
2023-04-16 18:04:34:434 [DEV] error : POST "/login" [400] : false, err : 존재하지않는아이디!"
2023-04-16 18:04:54:454 [DEV] info : 7673 포트 서버 가동!
2023-04-16 18:04:57:457 [DEV] error : POST "/login" [400] : false, err : 존재하지않는아이디!"
2023-04-16 18:05:10:510 [DEV] info : 7673 포트 서버 가동!
2023-04-16 18:05:24:524 [DEV] info : 7673 포트 서버 가동!
2023-04-16 18:46:16:4616 [DEV] info : GET "/register" [200] : "회원가입화면으로 이동"
2023-04-16 19:07:19:719 [DEV] info : 7673 포트 서버 가동!
2023-04-16 19:07:32:732 [DEV] info : GET "/login" [304] : "로그인화면으로 이동"
2023-04-16 19:07:35:735 [DEV] error : POST "/login" [400] : false, err : 존재하지않는아이디!"
2023-04-16 19:07:35:735 [DEV] error : POST "/login" [400] : false, err : 존재하지않는아이디!"
2023-04-16 19:11:35:1135 [DEV] info : 7673 포트 서버 가동!
2023-04-16 19:11:38:1138 [DEV] info : 7673 포트 서버 가동!
2023-04-16 19:12:05:125 [DEV] info : 7673 포트 서버 가동!
2023-04-16 19:12:07:127 [DEV] info : GET "/login" [304] : "로그인화면으로 이동"
2023-04-16 19:12:10:1210 [DEV] error : POST "/login" [200] : false, msg : 존재하지 않는 아이디입니다!"
2023-04-16 19:13:26:1326 [DEV] info : 7673 포트 서버 가동!
2023-04-16 19:13:29:1329 [DEV] info : GET "/login" [304] : "로그인화면으로 이동"
2023-04-16 19:13:31:1331 [DEV] info : POST "/login" [200] : false, msg : 존재하지 않는 아이디입니다!"
2023-04-16 19:14:07:147 [DEV] info : 7673 포트 서버 가동!
2023-04-16 19:14:14:1414 [DEV] error : POST "/login" [400] : false, err : 존재하지 않는 아이디입니다!"
2023-04-16 19:15:01:151 [DEV] info : 7673 포트 서버 가동!
2023-04-16 19:15:06:156 [DEV] error : POST "/login" [400] : false, err : 존재하지 않는 아이디입니다!"
2023-04-16 19:15:10:1510 [DEV] info : GET "/login" [304] : "로그인화면으로 이동"
2023-04-16 19:15:13:1513 [DEV] error : POST "/login" [400] : false, err : 존재하지 않는 아이디입니다!"
2023-04-16 19:16:09:169 [DEV] info : 7673 포트 서버 가동!
2023-04-16 19:16:11:1611 [DEV] error : POST "/login" [400] : false, err : 존재하지 않는 아이디입니다!"
2023-04-16 19:16:21:1621 [DEV] info : GET "/register" [304] : "회원가입화면으로 이동"
2023-04-16 19:16:31:1631 [DEV] error : POST "/login" [400] : false, err : 존재하지 않는 아이디입니다!"
2023-04-16 19:18:32:1832 [DEV] info : 7673 포트 서버 가동!
2023-04-16 19:18:55:1855 [DEV] info : 7673 포트 서버 가동!
2023-04-16 19:18:57:1857 [DEV] error : POST "/login" [400] : false, err : 존재하지 않는 아이디입니다!"
