2023-04-16 00:52:38:5238 [DEV] error : POST "/login" [200] : Response : "success: false, err : Error: ER_NO_SUCH_TABLE: Table 'mysql_test.USERS1' doesn't exist"
2023-04-16 00:53:00:530 [DEV] error : POST "/login" [200] : Response : "success: false, err : TypeError: Cannot destructure property 'id' of '(intermediate value)' as it is undefined."
2023-04-16 00:54:32:5432 [DEV] error : POST "/login" [200] : Response : "success: false, err : TypeError: Cannot destructure property 'id' of '(intermediate value)' as it is undefined."
2023-04-16 00:55:23:5523 [DEV] error : POST "/login" [200] : Response : "success: false, err : TypeError: Cannot destructure property 'id' of '(intermediate value)' as it is undefined."
2023-04-16 00:55:39:5539 [DEV] error : POST "/login" [200] : Response : "success: false, err : TypeError: Cannot destructure property 'id' of '(intermediate value)' as it is undefined."
2023-04-16 00:56:42:5642 [DEV] error : POST "/login" [200] : Response : "success: false, err : TypeError: Cannot destructure property 'id' of '(intermediate value)' as it is undefined."
2023-04-16 00:57:02:572 [DEV] error : POST "/login" [200] : Response : "success: false, err : TypeError: Cannot destructure property 'id' of '(intermediate value)' as it is undefined."
2023-04-16 00:58:11:5811 [DEV] error : POST "/login" [200] : Response : "success: false, err : TypeError: Cannot destructure property 'id' of '(intermediate value)' as it is undefined."
2023-04-16 00:59:10:5910 [DEV] error : POST "/login" [200] : Response : "success: false, err : TypeError: Cannot destructure property 'id' of '(intermediate value)' as it is undefined."
2023-04-16 00:59:51:5951 [DEV] error : POST "/login" [200] : Response : "success: false, err : TypeError: Cannot destructure property 'id' of '(intermediate value)' as it is undefined."
2023-04-16 01:00:17:017 [DEV] error : POST "/login" [200] : Response : "success: false, err : TypeError: Cannot destructure property 'id' of '(intermediate value)' as it is undefined."
2023-04-16 01:02:56:256 [DEV] error : POST "/login" [200] : Response : "success: false, err : TypeError: Cannot destructure property 'id' of '(intermediate value)' as it is undefined."
2023-04-16 01:05:16:516 [DEV] error : POST "/login" [200] : Response : "success: false, err : TypeError: Cannot destructure property 'id' of '(intermediate value)' as it is undefined."
2023-04-16 01:05:29:529 [DEV] error : POST "/login" [200] : Response : "success: false, err : TypeError: Cannot destructure property 'id' of '(intermediate value)' as it is undefined."
2023-04-16 01:05:41:541 [DEV] error : POST "/login" [200] : Response : "success: false, err : TypeError: Cannot destructure property 'id' of '(intermediate value)' as it is undefined."
2023-04-16 01:09:25:925 [DEV] error : POST "/login" [200] : Response : "success: false, err : TypeError: Cannot destructure property 'id' of '(intermediate value)' as it is undefined."
2023-04-16 01:09:53:953 [DEV] error : POST "/login" [200] : Response : "success: false, err : Error: ER_NO_SUCH_TABLE: Table 'mysql_test.USERS1' doesn't exist"
2023-04-16 01:10:44:1044 [DEV] error : POST "/login" [200] : Response : "success: false, err : TypeError: Cannot destructure property 'id' of '(intermediate value)' as it is undefined."
2023-04-16 01:11:15:1115 [DEV] error : POST "/login" [200] : Response : "success: false, err : TypeError: Cannot destructure property 'id' of '(intermediate value)' as it is undefined."
2023-04-16 01:11:22:1122 [DEV] error : POST "/login" [200] : Response : "success: false, err : TypeError: Cannot destructure property 'id' of '(intermediate value)' as it is undefined."
2023-04-16 01:11:47:1147 [DEV] error : POST "/login" [200] : Response : "success: false, err : TypeError: Cannot destructure property 'id' of '(intermediate value)' as it is undefined."
2023-04-16 01:12:46:1246 [DEV] error : POST "/login" [200] : Response : "success: false, err : TypeError: Cannot destructure property 'id' of '(intermediate value)' as it is undefined."
2023-04-16 01:13:05:135 [DEV] error : POST "/login" [200] : Response : "success: false, err : TypeError: Cannot destructure property 'id' of '(intermediate value)' as it is undefined."
2023-04-16 01:13:18:1318 [DEV] error : POST "/login" [200] : Response : "success: false, err : TypeError: Cannot destructure property 'id' of '(intermediate value)' as it is undefined."
2023-04-16 08:54:17:5417 [DEV] error : POST "/login" [200] : Response : "success: false, err : TypeError: Cannot destructure property 'id' of '(intermediate value)' as it is undefined."
2023-04-16 08:56:15:5615 [DEV] error : POST "/login" [200] : Response : "success: false, err : TypeError: Cannot destructure property 'id' of '(intermediate value)' as it is undefined."
2023-04-16 08:56:47:5647 [DEV] error : POST "/login" [200] : Response : "success: false, err : TypeError: Cannot destructure property 'id' of '(intermediate value)' as it is undefined."
2023-04-16 08:57:39:5739 [DEV] error : POST "/login" [200] : Response : "success: false, err : TypeError: Cannot destructure property 'id' of '(intermediate value)' as it is undefined."
2023-04-16 08:58:31:5831 [DEV] error : POST "/login" [200] : Response : "success: false, err : null"
2023-04-16 08:58:46:5846 [DEV] error : POST "/login" [200] : Response : "success: false, err : null"
2023-04-16 08:59:45:5945 [DEV] error : POST "/login" [200] : Response : "success: false, err : null"
2023-04-16 08:59:50:5950 [DEV] error : POST "/login" [200] : Response : "success: false, err : null"
2023-04-16 09:00:48:048 [DEV] error : POST "/login" [200] : Response : "success: false, err : 존재하지않는아이디!"
2023-04-16 09:01:30:130 [DEV] error : POST "/login" [200] : Response : "success: false, err : 존재하지않는아이디!"
2023-04-16 10:29:00:290 [DEV] error : POST "/register" [200] : Response : "success: false, err : undefined"
2023-04-16 10:29:13:2913 [DEV] error : POST "/register" [200] : Response : "success: false, err : Error: ER_DUP_ENTRY: Duplicate entry '111' for key 'USERS.PRIMARY'"
2023-04-16 10:31:09:319 [DEV] error : POST "/register" [200] : Response : "success: false, err : Error: ER_DUP_ENTRY: Duplicate entry '111' for key 'USERS.PRIMARY'"
2023-04-16 10:31:35:3135 [DEV] error : POST "/register" [200] : Response : "success: false, err : Error: ER_DUP_ENTRY: Duplicate entry '111' for key 'USERS.PRIMARY'"
2023-04-16 10:35:43:3543 [DEV] error : POST "/register" [200] : Response : "success: false, err : Error: ER_DUP_ENTRY: Duplicate entry '111' for key 'USERS.PRIMARY'"
2023-04-16 10:36:03:363 [DEV] error : POST "/register" [200] : Response : "success: false, err : Error: ER_DUP_ENTRY: Duplicate entry '111' for key 'USERS.PRIMARY'"
2023-04-16 11:57:07:577 [DEV] error : POST "/register" [200] : Response : "success: false, err : Error: ER_DUP_ENTRY: Duplicate entry '111' for key 'USERS.PRIMARY'"
2023-04-16 11:59:00:590 [DEV] error : POST "/register" [200] : Response : "success: false, err : Error: ER_DUP_ENTRY: Duplicate entry '111' for key 'USERS.PRIMARY'"
2023-04-16 11:59:22:5922 [DEV] error : POST "/register" [200] : Response : "success: false, err : Error: ER_DUP_ENTRY: Duplicate entry '111' for key 'USERS.PRIMARY'"
2023-04-16 12:00:04:04 [DEV] error : POST "/register" [200] : Response : "success: false, err : Error: ER_DUP_ENTRY: Duplicate entry '111' for key 'USERS.PRIMARY'"
2023-04-16 12:02:41:241 [DEV] error : POST "/register" [200] : Response : "success: false, err : Error: ER_DUP_ENTRY: Duplicate entry '111' for key 'USERS.PRIMARY'"
2023-04-16 12:03:07:37 [DEV] error : POST "/register" [200] : Response : "success: false, err : Error: ER_DUP_ENTRY: Duplicate entry '111' for key 'USERS.PRIMARY'"
2023-04-16 12:04:33:433 [DEV] error : POST "/register" [200] : Response : "success: false, err : 아이디가 중복 되었습니다"
