2023-04-15 21:42:07:427 [DEV] error : uncaughtException: log is not defined
ReferenceError: log is not defined
    at Server.<anonymous> (C:\dev\nodejsTest1\app\bin\www.js:13:5)
    at Object.onceWrapper (node:events:626:28)
    at Server.emit (node:events:512:28)
    at emitListeningNT (node:net:1808:10)
    at process.processTicksAndRejections (node:internal/process/task_queues:81:21)
2023-04-15 21:42:37:4237 [DEV] error : uncaughtException: log is not defined
ReferenceError: log is not defined
    at Server.<anonymous> (C:\dev\nodejsTest1\app\bin\www.js:13:5)
    at Object.onceWrapper (node:events:626:28)
    at Server.emit (node:events:512:28)
    at emitListeningNT (node:net:1808:10)
    at process.processTicksAndRejections (node:internal/process/task_queues:81:21)
undefined [DEV] error : uncaughtException: timestamp1 is not defined
ReferenceError: timestamp1 is not defined
    at Printf.template (C:\dev\nodejsTest1\app\src\config\logger.js:76:17)
    at Printf.transform (C:\dev\nodejsTest1\app\node_modules\logform\printf.js:11:26)
    at Format.transform (C:\dev\nodejsTest1\app\node_modules\logform\combine.js:20:24)
    at Console._write (C:\dev\nodejsTest1\app\node_modules\winston-transport\index.js:91:33)
    at doWrite (C:\dev\nodejsTest1\app\node_modules\winston-transport\node_modules\readable-stream\lib\_stream_writable.js:390:139)
    at writeOrBuffer (C:\dev\nodejsTest1\app\node_modules\winston-transport\node_modules\readable-stream\lib\_stream_writable.js:381:5)
    at Writable.write (C:\dev\nodejsTest1\app\node_modules\winston-transport\node_modules\readable-stream\lib\_stream_writable.js:302:11)
    at DerivedLogger.ondata (C:\dev\nodejsTest1\app\node_modules\winston\node_modules\readable-stream\lib\_stream_readable.js:629:20)
    at DerivedLogger.emit (node:events:524:35)
    at addChunk (C:\dev\nodejsTest1\app\node_modules\winston\node_modules\readable-stream\lib\_stream_readable.js:279:12)
